<?xml version="1.0" encoding="UTF-8"?>
<testsuite name="HelloWorld.HelloWorldTest" tests="2" skipped="0" failures="0" errors="0" timestamp="2016-09-06T03:31:55" hostname="lee-PC" time="0.001">
  <properties/>
  <testcase name="saySomething" classname="HelloWorld.HelloWorldTest" time="0.001"/>
  <testcase name="sayMorething" classname="HelloWorld.HelloWorldTest" time="0.0"/>
  <system-out><![CDATA[]]></system-out>
  <system-err><![CDATA[]]></system-err>
</testsuite>
